# JRE version: Java(TM) SE Runtime Environment (8.0_92-b14) (build 1.8.0_92-b14)
# Java VM: Java HotSpot(TM) 64-Bit Server VM (25.92-b14 mixed mode windows-amd64 compressed oops)
Heap:
 PSYoungGen      total 212992K, used 157164K [0x00000000eab00000, 0x00000000f8b00000, 0x0000000100000000)
  eden space 196608K, 71% used [0x00000000eab00000,0x00000000f347e500,0x00000000f6b00000)
  from space 16384K, 99% used [0x00000000f7b00000,0x00000000f8afcc18,0x00000000f8b00000)
  to   space 16384K, 0% used [0x00000000f6b00000,0x00000000f6b00000,0x00000000f7b00000)
 ParOldGen       total 262144K, used 10799K [0x00000000c0000000, 0x00000000d0000000, 0x00000000eab00000)
  object space 262144K, 4% used [0x00000000c0000000,0x00000000c0a8be38,0x00000000d0000000)
 Metaspace       used 6487K, capacity 7256K, committed 7424K, reserved 1056768K
  class space    used 626K, capacity 656K, committed 768K, reserved 1048576K
GC Heap History (4 events):
Event: 1.440 GC heap before
{Heap before GC invocations=1 (full 0):
 PSYoungGen      total 114688K, used 98304K [0x00000000eab00000, 0x00000000f2b00000, 0x0000000100000000)
  eden space 98304K, 100% used [0x00000000eab00000,0x00000000f0b00000,0x00000000f0b00000)
  from space 16384K, 0% used [0x00000000f1b00000,0x00000000f1b00000,0x00000000f2b00000)
  to   space 16384K, 0% used [0x00000000f0b00000,0x00000000f0b00000,0x00000000f1b00000)
 ParOldGen       total 262144K, used 0K [0x00000000c0000000, 0x00000000d0000000, 0x00000000eab00000)
  object space 262144K, 0% used [0x00000000c0000000,0x00000000c0000000,0x00000000d0000000)
 Metaspace       used 6231K, capacity 7090K, committed 7296K, reserved 1056768K
  class space    used 604K, capacity 618K, committed 640K, reserved 1048576K
Event: 1.458 GC heap after
Heap after GC invocations=1 (full 0):
 PSYoungGen      total 114688K, used 14863K [0x00000000eab00000, 0x00000000f8b00000, 0x0000000100000000)
  eden space 98304K, 0% used [0x00000000eab00000,0x00000000eab00000,0x00000000f0b00000)
  from space 16384K, 90% used [0x00000000f0b00000,0x00000000f1983ff8,0x00000000f1b00000)
  to   space 16384K, 0% used [0x00000000f7b00000,0x00000000f7b00000,0x00000000f8b00000)
 ParOldGen       total 262144K, used 24K [0x00000000c0000000, 0x00000000d0000000, 0x00000000eab00000)
  object space 262144K, 0% used [0x00000000c0000000,0x00000000c0006000,0x00000000d0000000)
 Metaspace       used 6231K, capacity 7090K, committed 7296K, reserved 1056768K
  class space    used 604K, capacity 618K, committed 640K, reserved 1048576K
}
Event: 1.781 GC heap before
{Heap before GC invocations=2 (full 0):
 PSYoungGen      total 114688K, used 113167K [0x00000000eab00000, 0x00000000f8b00000, 0x0000000100000000)
  eden space 98304K, 100% used [0x00000000eab00000,0x00000000f0b00000,0x00000000f0b00000)
  from space 16384K, 90% used [0x00000000f0b00000,0x00000000f1983ff8,0x00000000f1b00000)
  to   space 16384K, 0% used [0x00000000f7b00000,0x00000000f7b00000,0x00000000f8b00000)
 ParOldGen       total 262144K, used 24K [0x00000000c0000000, 0x00000000d0000000, 0x00000000eab00000)
  object space 262144K, 0% used [0x00000000c0000000,0x00000000c0006000,0x00000000d0000000)
 Metaspace       used 6397K, capacity 7192K, committed 7424K, reserved 1056768K
  class space    used 625K, capacity 656K, committed 768K, reserved 1048576K
Event: 1.820 GC heap after
Heap after GC invocations=2 (full 0):
 PSYoungGen      total 212992K, used 16371K [0x00000000eab00000, 0x00000000f8b00000, 0x0000000100000000)
  eden space 196608K, 0% used [0x00000000eab00000,0x00000000eab00000,0x00000000f6b00000)
  from space 16384K, 99% used [0x00000000f7b00000,0x00000000f8afcc18,0x00000000f8b00000)
  to   space 16384K, 0% used [0x00000000f6b00000,0x00000000f6b00000,0x00000000f7b00000)
 ParOldGen       total 262144K, used 10799K [0x00000000c0000000, 0x00000000d0000000, 0x00000000eab00000)
  object space 262144K, 4% used [0x00000000c0000000,0x00000000c0a8be38,0x00000000d0000000)
 Metaspace       used 6397K, capacity 7192K, committed 7424K, reserved 1056768K
  class space    used 625K, capacity 656K, committed 768K, reserved 1048576K
}

